/home/developer/ros_ws/ddo-topo-mppi/src/planner/path_searching/src/topo_prm.cpp: In constructor ‘ego_planner::TopoPRM::TopoPRM()’:
/home/developer/ros_ws/ddo-topo-mppi/src/planner/path_searching/src/topo_prm.cpp:15:1: warning:   when initialized here [-Wreorder]
   15 | TopoPRM::TopoPRM()
      | ^~~~~~~
/home/developer/ros_ws/ddo-topo-mppi/src/planner/path_searching/src/topo_prm.cpp: In member function ‘void ego_planner::TopoPRM::shortcutPath(std::vector<Eigen::Matrix<double, 3, 1> >, int, int)’:
/home/developer/ros_ws/ddo-topo-mppi/src/planner/path_searching/src/topo_prm.cpp:840:16: warning: variable ‘dist’ set but not used [-Wunused-but-set-variable]
  840 |         double dist;  // 用于getDistanceWithGrad
      |                ^~~~
/home/developer/ros_ws/ddo-topo-mppi/src/planner/path_searching/src/topo_prm.cpp: In member function ‘void ego_planner::TopoPRM::shortcutPaths()’:
/home/developer/ros_ws/ddo-topo-mppi/src/planner/path_searching/src/topo_prm.cpp:891:27: warning: comparison of integer expressions of different signedness: ‘int’ and ‘std::vector<std::vector<Eigen::Matrix<double, 3, 1> > >::size_type’ {aka ‘long unsigned int’} [-Wsign-compare]
  891 |         for (int i = 0; i < raw_paths_.size(); ++i) {
      |                         ~~^~~~~~~~~~~~~~~~~~~
/home/developer/ros_ws/ddo-topo-mppi/src/planner/path_searching/src/topo_prm.cpp:894:27: warning: comparison of integer expressions of different signedness: ‘int’ and ‘std::vector<std::vector<Eigen::Matrix<double, 3, 1> > >::size_type’ {aka ‘long unsigned int’} [-Wsign-compare]
  894 |         for (int i = 0; i < raw_paths_.size(); ++i) {
      |                         ~~^~~~~~~~~~~~~~~~~~~
/home/developer/ros_ws/ddo-topo-mppi/src/planner/path_searching/src/topo_prm.cpp:898:27: warning: comparison of integer expressions of different signedness: ‘int’ and ‘std::vector<std::vector<Eigen::Matrix<double, 3, 1> > >::size_type’ {aka ‘long unsigned int’} [-Wsign-compare]
  898 |         for (int i = 0; i < raw_paths_.size(); ++i) {
      |                         ~~^~~~~~~~~~~~~~~~~~~
/home/developer/ros_ws/ddo-topo-mppi/src/planner/path_searching/src/topo_prm.cpp: In member function ‘std::vector<Eigen::Matrix<double, 3, 1> > ego_planner::TopoPRM::discretizePath(const std::vector<Eigen::Matrix<double, 3, 1> >&)’:
/home/developer/ros_ws/ddo-topo-mppi/src/planner/path_searching/src/topo_prm.cpp:929:23: warning: comparison of integer expressions of different signedness: ‘int’ and ‘std::vector<Eigen::Matrix<double, 3, 1> >::size_type’ {aka ‘long unsigned int’} [-Wsign-compare]
  929 |     for (int i = 0; i < path.size() - 1; ++i) {
      |                     ~~^~~~~~~~~~~~~~~~~
/home/developer/ros_ws/ddo-topo-mppi/src/planner/path_searching/src/topo_prm.cpp:935:15: warning: comparison of integer expressions of different signedness: ‘int’ and ‘std::vector<Eigen::Matrix<double, 3, 1> >::size_type’ {aka ‘long unsigned int’} [-Wsign-compare]
  935 |         if (i != path.size() - 2) {
      |             ~~^~~~~~~~~~~~~~~~~~
/home/developer/ros_ws/ddo-topo-mppi/src/planner/path_searching/src/topo_prm.cpp: In member function ‘std::vector<std::vector<Eigen::Matrix<double, 3, 1> > > ego_planner::TopoPRM::discretizePaths(std::vector<std::vector<Eigen::Matrix<double, 3, 1> > >&)’:
/home/developer/ros_ws/ddo-topo-mppi/src/planner/path_searching/src/topo_prm.cpp:946:23: warning: comparison of integer expressions of different signedness: ‘int’ and ‘std::vector<std::vector<Eigen::Matrix<double, 3, 1> > >::size_type’ {aka ‘long unsigned int’} [-Wsign-compare]
  946 |     for (int i = 0; i < paths.size(); ++i) {
      |                     ~~^~~~~~~~~~~~~~
